<?xml version="1.0" encoding="UTF-8"?>
<testng-results ignored="0" total="2" passed="2" failed="0" skipped="0">
  <reporter-output>
  </reporter-output>
  <suite started-at="2025-07-26T22:42:03 IST" name="Suite" finished-at="2025-07-26T22:42:03 IST" duration-ms="94">
    <groups>
    </groups>
    <test started-at="2025-07-26T22:42:03 IST" name="Test" finished-at="2025-07-26T22:42:03 IST" duration-ms="94">
      <class name="TestNGtestCases.TestCase1">
        <test-method is-config="true" signature="one()[pri:0, instance:TestNGtestCases.TestCase1@368f2016]" started-at="2025-07-26T22:42:03 IST" name="one" finished-at="2025-07-26T22:42:03 IST" duration-ms="19" status="PASS">
          <reporter-output>
          </reporter-output>
        </test-method> <!-- one -->
        <test-method signature="two()[pri:0, instance:TestNGtestCases.TestCase1@368f2016]" started-at="2025-07-26T22:42:03 IST" name="two" finished-at="2025-07-26T22:42:03 IST" duration-ms="10" status="PASS">
          <reporter-output>
          </reporter-output>
        </test-method> <!-- two -->
        <test-method signature="one()[pri:0, instance:TestNGtestCases.TestCase1@368f2016]" started-at="2025-07-26T22:42:03 IST" name="one" finished-at="2025-07-26T22:42:03 IST" depends-on-methods="TestNGtestCases.TestCase1.two" duration-ms="1" status="PASS">
          <reporter-output>
          </reporter-output>
        </test-method> <!-- one -->
      </class> <!-- TestNGtestCases.TestCase1 -->
    </test> <!-- Test -->
  </suite> <!-- Suite -->
</testng-results>
